[2024-07-27T17:48:37.388+0000] {processor.py:161} INFO - Started process (PID=36) to work on /opt/airflow/dags/hello_world_dag.py
[2024-07-27T17:48:37.390+0000] {processor.py:830} INFO - Processing file /opt/airflow/dags/hello_world_dag.py for tasks to queue
[2024-07-27T17:48:37.395+0000] {logging_mixin.py:188} INFO - [2024-07-27T17:48:37.394+0000] {dagbag.py:538} INFO - Filling up the DagBag from /opt/airflow/dags/hello_world_dag.py
[2024-07-27T17:48:37.453+0000] {processor.py:840} INFO - DAG(s) 'hello_world_dag' retrieved from /opt/airflow/dags/hello_world_dag.py
[2024-07-27T17:48:37.869+0000] {logging_mixin.py:188} INFO - [2024-07-27T17:48:37.867+0000] {override.py:1769} INFO - Created Permission View: can delete on DAG:hello_world_dag
[2024-07-27T17:48:37.893+0000] {logging_mixin.py:188} INFO - [2024-07-27T17:48:37.892+0000] {override.py:1769} INFO - Created Permission View: can read on DAG:hello_world_dag
[2024-07-27T17:48:37.910+0000] {logging_mixin.py:188} INFO - [2024-07-27T17:48:37.909+0000] {override.py:1769} INFO - Created Permission View: can edit on DAG:hello_world_dag
[2024-07-27T17:48:37.911+0000] {logging_mixin.py:188} INFO - [2024-07-27T17:48:37.911+0000] {dag.py:3033} INFO - Sync 1 DAGs
[2024-07-27T17:48:37.934+0000] {logging_mixin.py:188} INFO - [2024-07-27T17:48:37.933+0000] {dag.py:3055} INFO - Creating ORM DAG for hello_world_dag
[2024-07-27T17:48:37.954+0000] {logging_mixin.py:188} INFO - [2024-07-27T17:48:37.954+0000] {dag.py:3820} INFO - Setting next_dagrun for hello_world_dag to 2023-01-01T00:00:00+00:00, run_after=2023-01-02T00:00:00+00:00
[2024-07-27T17:48:37.994+0000] {processor.py:183} INFO - Processing /opt/airflow/dags/hello_world_dag.py took 0.612 seconds
[2024-07-27T17:49:08.336+0000] {processor.py:161} INFO - Started process (PID=43) to work on /opt/airflow/dags/hello_world_dag.py
[2024-07-27T17:49:08.338+0000] {processor.py:830} INFO - Processing file /opt/airflow/dags/hello_world_dag.py for tasks to queue
[2024-07-27T17:49:08.341+0000] {logging_mixin.py:188} INFO - [2024-07-27T17:49:08.340+0000] {dagbag.py:538} INFO - Filling up the DagBag from /opt/airflow/dags/hello_world_dag.py
[2024-07-27T17:49:08.358+0000] {processor.py:840} INFO - DAG(s) 'hello_world_dag' retrieved from /opt/airflow/dags/hello_world_dag.py
[2024-07-27T17:49:08.382+0000] {logging_mixin.py:188} INFO - [2024-07-27T17:49:08.382+0000] {dag.py:3033} INFO - Sync 1 DAGs
[2024-07-27T17:49:08.400+0000] {logging_mixin.py:188} INFO - [2024-07-27T17:49:08.400+0000] {dag.py:3820} INFO - Setting next_dagrun for hello_world_dag to 2023-01-01T00:00:00+00:00, run_after=2023-01-02T00:00:00+00:00
[2024-07-27T17:49:08.421+0000] {processor.py:183} INFO - Processing /opt/airflow/dags/hello_world_dag.py took 0.088 seconds
[2024-07-27T17:49:38.570+0000] {processor.py:161} INFO - Started process (PID=51) to work on /opt/airflow/dags/hello_world_dag.py
[2024-07-27T17:49:38.572+0000] {processor.py:830} INFO - Processing file /opt/airflow/dags/hello_world_dag.py for tasks to queue
[2024-07-27T17:49:38.580+0000] {logging_mixin.py:188} INFO - [2024-07-27T17:49:38.580+0000] {dagbag.py:538} INFO - Filling up the DagBag from /opt/airflow/dags/hello_world_dag.py
[2024-07-27T17:49:38.604+0000] {processor.py:840} INFO - DAG(s) 'hello_world_dag' retrieved from /opt/airflow/dags/hello_world_dag.py
[2024-07-27T17:49:38.634+0000] {logging_mixin.py:188} INFO - [2024-07-27T17:49:38.634+0000] {dag.py:3033} INFO - Sync 1 DAGs
[2024-07-27T17:49:38.672+0000] {logging_mixin.py:188} INFO - [2024-07-27T17:49:38.672+0000] {dag.py:3820} INFO - Setting next_dagrun for hello_world_dag to 2023-01-01T00:00:00+00:00, run_after=2023-01-02T00:00:00+00:00
[2024-07-27T17:49:38.695+0000] {processor.py:183} INFO - Processing /opt/airflow/dags/hello_world_dag.py took 0.132 seconds
[2024-07-27T17:50:08.841+0000] {processor.py:161} INFO - Started process (PID=58) to work on /opt/airflow/dags/hello_world_dag.py
[2024-07-27T17:50:08.844+0000] {processor.py:830} INFO - Processing file /opt/airflow/dags/hello_world_dag.py for tasks to queue
[2024-07-27T17:50:08.847+0000] {logging_mixin.py:188} INFO - [2024-07-27T17:50:08.846+0000] {dagbag.py:538} INFO - Filling up the DagBag from /opt/airflow/dags/hello_world_dag.py
[2024-07-27T17:50:08.859+0000] {processor.py:840} INFO - DAG(s) 'hello_world_dag' retrieved from /opt/airflow/dags/hello_world_dag.py
[2024-07-27T17:50:08.881+0000] {logging_mixin.py:188} INFO - [2024-07-27T17:50:08.881+0000] {dag.py:3033} INFO - Sync 1 DAGs
[2024-07-27T17:50:08.909+0000] {logging_mixin.py:188} INFO - [2024-07-27T17:50:08.909+0000] {dag.py:3820} INFO - Setting next_dagrun for hello_world_dag to 2023-01-01T00:00:00+00:00, run_after=2023-01-02T00:00:00+00:00
[2024-07-27T17:50:08.931+0000] {processor.py:183} INFO - Processing /opt/airflow/dags/hello_world_dag.py took 0.093 seconds
[2024-07-27T17:50:39.060+0000] {processor.py:161} INFO - Started process (PID=65) to work on /opt/airflow/dags/hello_world_dag.py
[2024-07-27T17:50:39.062+0000] {processor.py:830} INFO - Processing file /opt/airflow/dags/hello_world_dag.py for tasks to queue
[2024-07-27T17:50:39.064+0000] {logging_mixin.py:188} INFO - [2024-07-27T17:50:39.064+0000] {dagbag.py:538} INFO - Filling up the DagBag from /opt/airflow/dags/hello_world_dag.py
[2024-07-27T17:50:39.077+0000] {processor.py:840} INFO - DAG(s) 'hello_world_dag' retrieved from /opt/airflow/dags/hello_world_dag.py
[2024-07-27T17:50:39.101+0000] {logging_mixin.py:188} INFO - [2024-07-27T17:50:39.101+0000] {dag.py:3033} INFO - Sync 1 DAGs
[2024-07-27T17:50:39.121+0000] {logging_mixin.py:188} INFO - [2024-07-27T17:50:39.121+0000] {dag.py:3820} INFO - Setting next_dagrun for hello_world_dag to 2023-01-01T00:00:00+00:00, run_after=2023-01-02T00:00:00+00:00
[2024-07-27T17:50:39.143+0000] {processor.py:183} INFO - Processing /opt/airflow/dags/hello_world_dag.py took 0.086 seconds
[2024-07-27T17:51:09.261+0000] {processor.py:161} INFO - Started process (PID=71) to work on /opt/airflow/dags/hello_world_dag.py
[2024-07-27T17:51:09.262+0000] {processor.py:830} INFO - Processing file /opt/airflow/dags/hello_world_dag.py for tasks to queue
[2024-07-27T17:51:09.264+0000] {logging_mixin.py:188} INFO - [2024-07-27T17:51:09.264+0000] {dagbag.py:538} INFO - Filling up the DagBag from /opt/airflow/dags/hello_world_dag.py
[2024-07-27T17:51:09.276+0000] {processor.py:840} INFO - DAG(s) 'hello_world_dag' retrieved from /opt/airflow/dags/hello_world_dag.py
[2024-07-27T17:51:09.287+0000] {logging_mixin.py:188} INFO - [2024-07-27T17:51:09.287+0000] {dag.py:3033} INFO - Sync 1 DAGs
[2024-07-27T17:51:09.310+0000] {logging_mixin.py:188} INFO - [2024-07-27T17:51:09.310+0000] {dag.py:3820} INFO - Setting next_dagrun for hello_world_dag to 2023-01-01T00:00:00+00:00, run_after=2023-01-02T00:00:00+00:00
[2024-07-27T17:51:09.332+0000] {processor.py:183} INFO - Processing /opt/airflow/dags/hello_world_dag.py took 0.075 seconds
[2024-07-27T17:51:39.453+0000] {processor.py:161} INFO - Started process (PID=78) to work on /opt/airflow/dags/hello_world_dag.py
[2024-07-27T17:51:39.454+0000] {processor.py:830} INFO - Processing file /opt/airflow/dags/hello_world_dag.py for tasks to queue
[2024-07-27T17:51:39.457+0000] {logging_mixin.py:188} INFO - [2024-07-27T17:51:39.457+0000] {dagbag.py:538} INFO - Filling up the DagBag from /opt/airflow/dags/hello_world_dag.py
[2024-07-27T17:51:39.476+0000] {processor.py:840} INFO - DAG(s) 'hello_world_dag' retrieved from /opt/airflow/dags/hello_world_dag.py
[2024-07-27T17:51:39.588+0000] {logging_mixin.py:188} INFO - [2024-07-27T17:51:39.588+0000] {dag.py:3033} INFO - Sync 1 DAGs
[2024-07-27T17:51:39.620+0000] {logging_mixin.py:188} INFO - [2024-07-27T17:51:39.620+0000] {dag.py:3820} INFO - Setting next_dagrun for hello_world_dag to 2023-01-01T00:00:00+00:00, run_after=2023-01-02T00:00:00+00:00
[2024-07-27T17:51:39.664+0000] {processor.py:183} INFO - Processing /opt/airflow/dags/hello_world_dag.py took 0.216 seconds
[2024-07-27T17:52:09.853+0000] {processor.py:161} INFO - Started process (PID=85) to work on /opt/airflow/dags/hello_world_dag.py
[2024-07-27T17:52:09.856+0000] {processor.py:830} INFO - Processing file /opt/airflow/dags/hello_world_dag.py for tasks to queue
[2024-07-27T17:52:09.858+0000] {logging_mixin.py:188} INFO - [2024-07-27T17:52:09.857+0000] {dagbag.py:538} INFO - Filling up the DagBag from /opt/airflow/dags/hello_world_dag.py
[2024-07-27T17:52:09.870+0000] {processor.py:840} INFO - DAG(s) 'hello_world_dag' retrieved from /opt/airflow/dags/hello_world_dag.py
[2024-07-27T17:52:09.895+0000] {logging_mixin.py:188} INFO - [2024-07-27T17:52:09.895+0000] {dag.py:3033} INFO - Sync 1 DAGs
[2024-07-27T17:52:09.919+0000] {logging_mixin.py:188} INFO - [2024-07-27T17:52:09.919+0000] {dag.py:3820} INFO - Setting next_dagrun for hello_world_dag to 2023-01-01T00:00:00+00:00, run_after=2023-01-02T00:00:00+00:00
[2024-07-27T17:52:09.941+0000] {processor.py:183} INFO - Processing /opt/airflow/dags/hello_world_dag.py took 0.091 seconds
[2024-07-27T17:52:40.160+0000] {processor.py:161} INFO - Started process (PID=96) to work on /opt/airflow/dags/hello_world_dag.py
[2024-07-27T17:52:40.163+0000] {processor.py:830} INFO - Processing file /opt/airflow/dags/hello_world_dag.py for tasks to queue
[2024-07-27T17:52:40.169+0000] {logging_mixin.py:188} INFO - [2024-07-27T17:52:40.166+0000] {dagbag.py:538} INFO - Filling up the DagBag from /opt/airflow/dags/hello_world_dag.py
[2024-07-27T17:52:40.217+0000] {processor.py:840} INFO - DAG(s) 'hello_world_dag' retrieved from /opt/airflow/dags/hello_world_dag.py
[2024-07-27T17:52:40.263+0000] {logging_mixin.py:188} INFO - [2024-07-27T17:52:40.262+0000] {dag.py:3033} INFO - Sync 1 DAGs
[2024-07-27T17:52:40.308+0000] {logging_mixin.py:188} INFO - [2024-07-27T17:52:40.308+0000] {dag.py:3820} INFO - Setting next_dagrun for hello_world_dag to 2023-01-21T00:00:00+00:00, run_after=2023-01-22T00:00:00+00:00
[2024-07-27T17:52:40.350+0000] {processor.py:183} INFO - Processing /opt/airflow/dags/hello_world_dag.py took 0.196 seconds
[2024-07-27T17:53:10.378+0000] {processor.py:161} INFO - Started process (PID=103) to work on /opt/airflow/dags/hello_world_dag.py
[2024-07-27T17:53:10.380+0000] {processor.py:830} INFO - Processing file /opt/airflow/dags/hello_world_dag.py for tasks to queue
[2024-07-27T17:53:10.383+0000] {logging_mixin.py:188} INFO - [2024-07-27T17:53:10.383+0000] {dagbag.py:538} INFO - Filling up the DagBag from /opt/airflow/dags/hello_world_dag.py
[2024-07-27T17:53:10.400+0000] {processor.py:840} INFO - DAG(s) 'hello_world_dag' retrieved from /opt/airflow/dags/hello_world_dag.py
[2024-07-27T17:53:10.436+0000] {logging_mixin.py:188} INFO - [2024-07-27T17:53:10.436+0000] {dag.py:3033} INFO - Sync 1 DAGs
[2024-07-27T17:53:10.470+0000] {logging_mixin.py:188} INFO - [2024-07-27T17:53:10.470+0000] {dag.py:3820} INFO - Setting next_dagrun for hello_world_dag to 2023-03-05T00:00:00+00:00, run_after=2023-03-06T00:00:00+00:00
[2024-07-27T17:53:10.502+0000] {processor.py:183} INFO - Processing /opt/airflow/dags/hello_world_dag.py took 0.129 seconds
[2024-07-27T17:53:40.607+0000] {processor.py:161} INFO - Started process (PID=110) to work on /opt/airflow/dags/hello_world_dag.py
[2024-07-27T17:53:40.608+0000] {processor.py:830} INFO - Processing file /opt/airflow/dags/hello_world_dag.py for tasks to queue
[2024-07-27T17:53:40.610+0000] {logging_mixin.py:188} INFO - [2024-07-27T17:53:40.610+0000] {dagbag.py:538} INFO - Filling up the DagBag from /opt/airflow/dags/hello_world_dag.py
[2024-07-27T17:53:40.622+0000] {processor.py:840} INFO - DAG(s) 'hello_world_dag' retrieved from /opt/airflow/dags/hello_world_dag.py
[2024-07-27T17:53:40.650+0000] {logging_mixin.py:188} INFO - [2024-07-27T17:53:40.650+0000] {dag.py:3033} INFO - Sync 1 DAGs
[2024-07-27T17:53:40.669+0000] {logging_mixin.py:188} INFO - [2024-07-27T17:53:40.668+0000] {dag.py:3820} INFO - Setting next_dagrun for hello_world_dag to 2023-03-05T00:00:00+00:00, run_after=2023-03-06T00:00:00+00:00
[2024-07-27T17:53:40.697+0000] {processor.py:183} INFO - Processing /opt/airflow/dags/hello_world_dag.py took 0.093 seconds
