[2024-07-27T17:21:40.692+0000] {manager.py:469} INFO - Processing files using up to 2 processes at a time 
[2024-07-27T17:21:40.693+0000] {manager.py:470} INFO - Process each file at most once every 30 seconds
[2024-07-27T17:21:40.693+0000] {manager.py:471} INFO - Checking for new files in /opt/airflow/dags every 300 seconds
[2024-07-27T17:21:40.694+0000] {manager.py:738} INFO - Searching for files in /opt/airflow/dags
[2024-07-27T17:21:40.698+0000] {manager.py:741} INFO - There are 0 files in /opt/airflow/dags
[2024-07-27T17:26:43.323+0000] {manager.py:738} INFO - Searching for files in /opt/airflow/dags
[2024-07-27T17:26:43.484+0000] {manager.py:741} INFO - There are 0 files in /opt/airflow/dags
[2024-07-27T17:31:43.324+0000] {manager.py:738} INFO - Searching for files in /opt/airflow/dags
[2024-07-27T17:31:43.325+0000] {manager.py:741} INFO - There are 0 files in /opt/airflow/dags
[2024-07-27T17:36:04.836+0000] {manager.py:469} INFO - Processing files using up to 2 processes at a time 
[2024-07-27T17:36:04.838+0000] {manager.py:470} INFO - Process each file at most once every 30 seconds
[2024-07-27T17:36:04.839+0000] {manager.py:471} INFO - Checking for new files in /opt/airflow/dags every 300 seconds
[2024-07-27T17:36:04.840+0000] {manager.py:738} INFO - Searching for files in /opt/airflow/dags
[2024-07-27T17:36:04.843+0000] {manager.py:741} INFO - There are 0 files in /opt/airflow/dags
[2024-07-27T17:40:41.221+0000] {manager.py:469} INFO - Processing files using up to 2 processes at a time 
[2024-07-27T17:40:41.222+0000] {manager.py:470} INFO - Process each file at most once every 30 seconds
[2024-07-27T17:40:41.223+0000] {manager.py:471} INFO - Checking for new files in /opt/airflow/dags every 300 seconds
[2024-07-27T17:40:41.223+0000] {manager.py:738} INFO - Searching for files in /opt/airflow/dags
[2024-07-27T17:40:41.225+0000] {manager.py:741} INFO - There are 0 files in /opt/airflow/dags
[2024-07-27T17:45:41.469+0000] {manager.py:738} INFO - Searching for files in /opt/airflow/dags
[2024-07-27T17:45:41.518+0000] {manager.py:741} INFO - There are 0 files in /opt/airflow/dags
[2024-07-27T17:47:10.370+0000] {manager.py:451} INFO - Exiting gracefully upon receiving signal 15
[2024-07-27T17:48:37.317+0000] {manager.py:469} INFO - Processing files using up to 2 processes at a time 
[2024-07-27T17:48:37.318+0000] {manager.py:470} INFO - Process each file at most once every 30 seconds
[2024-07-27T17:48:37.319+0000] {manager.py:471} INFO - Checking for new files in /opt/airflow/dags every 300 seconds
[2024-07-27T17:48:37.320+0000] {manager.py:738} INFO - Searching for files in /opt/airflow/dags
[2024-07-27T17:48:37.322+0000] {manager.py:741} INFO - There are 1 files in /opt/airflow/dags
[2024-07-27T17:48:37.438+0000] {manager.py:879} INFO - 
================================================================================
DAG File Processing Stats

File Path                               PID  Runtime      # DAGs    # Errors  Last Runtime    Last Run
------------------------------------  -----  ---------  --------  ----------  --------------  ----------
/opt/airflow/dags/hello_world_dag.py     36  0.06s             0           0
================================================================================
[2024-07-27T17:49:07.622+0000] {manager.py:879} INFO - 
================================================================================
DAG File Processing Stats

File Path                             PID    Runtime      # DAGs    # Errors  Last Runtime    Last Run
------------------------------------  -----  ---------  --------  ----------  --------------  -------------------
/opt/airflow/dags/hello_world_dag.py                           1           0  0.63s           2024-07-27T17:48:38
================================================================================
[2024-07-27T17:49:38.560+0000] {manager.py:879} INFO - 
================================================================================
DAG File Processing Stats

File Path                               PID  Runtime      # DAGs    # Errors  Last Runtime    Last Run
------------------------------------  -----  ---------  --------  ----------  --------------  -------------------
/opt/airflow/dags/hello_world_dag.py     51  0.00s             1           0  0.10s           2024-07-27T17:49:08
================================================================================
[2024-07-27T17:50:08.836+0000] {manager.py:879} INFO - 
================================================================================
DAG File Processing Stats

File Path                               PID  Runtime      # DAGs    # Errors  Last Runtime    Last Run
------------------------------------  -----  ---------  --------  ----------  --------------  -------------------
/opt/airflow/dags/hello_world_dag.py     58  0.00s             1           0  0.15s           2024-07-27T17:49:38
================================================================================
[2024-07-27T17:50:39.053+0000] {manager.py:879} INFO - 
================================================================================
DAG File Processing Stats

File Path                               PID  Runtime      # DAGs    # Errors  Last Runtime    Last Run
------------------------------------  -----  ---------  --------  ----------  --------------  -------------------
/opt/airflow/dags/hello_world_dag.py     65  0.00s             1           0  0.10s           2024-07-27T17:50:08
================================================================================
[2024-07-27T17:51:09.254+0000] {manager.py:879} INFO - 
================================================================================
DAG File Processing Stats

File Path                               PID  Runtime      # DAGs    # Errors  Last Runtime    Last Run
------------------------------------  -----  ---------  --------  ----------  --------------  -------------------
/opt/airflow/dags/hello_world_dag.py     71  0.00s             1           0  0.10s           2024-07-27T17:50:39
================================================================================
[2024-07-27T17:51:39.447+0000] {manager.py:879} INFO - 
================================================================================
DAG File Processing Stats

File Path                               PID  Runtime      # DAGs    # Errors  Last Runtime    Last Run
------------------------------------  -----  ---------  --------  ----------  --------------  -------------------
/opt/airflow/dags/hello_world_dag.py     78  0.00s             1           0  0.09s           2024-07-27T17:51:09
================================================================================
[2024-07-27T17:52:09.649+0000] {manager.py:879} INFO - 
================================================================================
DAG File Processing Stats

File Path                             PID    Runtime      # DAGs    # Errors  Last Runtime    Last Run
------------------------------------  -----  ---------  --------  ----------  --------------  -------------------
/opt/airflow/dags/hello_world_dag.py                           1           0  0.23s           2024-07-27T17:51:39
================================================================================
[2024-07-27T17:52:40.154+0000] {manager.py:879} INFO - 
================================================================================
DAG File Processing Stats

File Path                               PID  Runtime      # DAGs    # Errors  Last Runtime    Last Run
------------------------------------  -----  ---------  --------  ----------  --------------  -------------------
/opt/airflow/dags/hello_world_dag.py     96  0.01s             1           0  0.10s           2024-07-27T17:52:09
================================================================================
[2024-07-27T17:53:10.370+0000] {manager.py:879} INFO - 
================================================================================
DAG File Processing Stats

File Path                               PID  Runtime      # DAGs    # Errors  Last Runtime    Last Run
------------------------------------  -----  ---------  --------  ----------  --------------  -------------------
/opt/airflow/dags/hello_world_dag.py    103  0.00s             1           0  0.22s           2024-07-27T17:52:40
================================================================================
[2024-07-27T17:53:37.567+0000] {manager.py:738} INFO - Searching for files in /opt/airflow/dags
[2024-07-27T17:53:37.569+0000] {manager.py:741} INFO - There are 1 files in /opt/airflow/dags
[2024-07-27T17:53:40.603+0000] {manager.py:879} INFO - 
================================================================================
DAG File Processing Stats

File Path                               PID  Runtime      # DAGs    # Errors  Last Runtime    Last Run
------------------------------------  -----  ---------  --------  ----------  --------------  -------------------
/opt/airflow/dags/hello_world_dag.py    110  0.00s             1           0  0.14s           2024-07-27T17:53:10
================================================================================
[2024-07-27T17:54:10.933+0000] {manager.py:451} INFO - Exiting gracefully upon receiving signal 15
